#
# A fatal error has been detected by the Java Runtime Environment:
#
#  EXCEPTION_ACCESS_VIOLATION (0xc0000005) at pc=0x0000000019c600b8, pid=14612, tid=0x0000000000000394
#
# JRE version: Java(TM) SE Runtime Environment (8.0_191-b12) (build 1.8.0_191-b12)
# Java VM: Java HotSpot(TM) 64-Bit Server VM (25.191-b12 mixed mode windows-amd64 compressed oops)
# Problematic frame:
# C  0x0000000019c600b8
#
# Failed to write core dump. Minidumps are not enabled by default on client versions of Windows
#
# If you would like to submit a bug report, please visit:
#   http://bugreport.java.com/bugreport/crash.jsp
# The crash happened outside the Java Virtual Machine in native code.
# See problematic frame for where to report the bug.
#

---------------  T H R E A D  ---------------

Current thread (0x00000000005fe000):  JavaThread "main" [_thread_in_native, id=916, stack(0x0000000002250000,0x0000000002350000)]

siginfo: ExceptionCode=0xc0000005, reading address 0x000000001b267e20

Registers:
RAX=0x0000000000001388, RBX=0x000000001d23a8e0, RCX=0x000000001b263000, RDX=0x000000000234e9b8
RSP=0x000000000234e8a0, RBP=0x0000000000000064, RSI=0x0000000000000000, RDI=0x000000001d23a9f0
R8 =0x000000000234e9a0, R9 =0x0000000019e8c500, R10=0x000000000234e9b8, R11=0x000000000234e9a0
R12=0x0000000000000064, R13=0x0000000000001388, R14=0x000000000007a120, R15=0x0000000000000064
RIP=0x0000000019c600b8, EFLAGS=0x0000000000010206

Top of Stack: (sp=0x000000000234e8a0)
0x000000000234e8a0:   00000000199f98a0 00007ffafcb58717
0x000000000234e8b0:   00007ffb01580000 0000000000000000
0x000000000234e8c0:   0000000000000000 000000001affb000
0x000000000234e8d0:   000000001b699000 000000001b263000
0x000000000234e8e0:   000000000234e9a0 00000000199f7fc0
0x000000000234e8f0:   fffffffffffffffe 000000001d23a8e0
0x000000000234e900:   000000000234eb60 0000000000000033
0x000000000234e910:   00000000006066e0 00007ffb0ba50a08
0x000000000234e920:   000000000234ecc8 00000000199e7b60
0x000000000234e930:   00007ffb0ba509e8 00007ffae4f9d77b
0x000000000234e940:   ffffffffffffff80 00007ffafcb5a82e
0x000000000234e950:   000000000234e940 0000000019806da8
0x000000000234e960:   0000000000000000 fffffffffffffffe
0x000000000234e970:   00000000199e7b40 00007ffaefec5810
0x000000000234e980:   00007ffb0ba50a08 0000000000000000
0x000000000234e990:   0000000000000000 00007ffb0158d07f 

Instructions: (pc=0x0000000019c600b8)
0x0000000019c60098:   00 c5 fa 11 01 48 83 c2 04 48 83 c0 04 83 c3 ff
0x0000000019c600a8:   75 e6 eb 11 0f 1f 40 00 49 63 c5 48 8b 4c 24 38
0x0000000019c600b8:   c5 fa 10 04 81 c5 fa 5a c0 c7 44 24 4c 61 00 00
0x0000000019c600c8:   00 c5 fb 11 44 24 50 48 b9 00 00 c7 19 00 00 00 


Register to memory mapping:

RAX=0x0000000000001388 is an unknown value
RBX=0x000000001d23a8e0 is an unknown value
RCX=0x000000001b263000 is an unknown value
RDX=0x000000000234e9b8 is pointing into the stack for thread: 0x00000000005fe000
RSP=0x000000000234e8a0 is pointing into the stack for thread: 0x00000000005fe000
RBP=0x0000000000000064 is an unknown value
RSI=0x0000000000000000 is an unknown value
RDI=0x000000001d23a9f0 is an unknown value
R8 =0x000000000234e9a0 is pointing into the stack for thread: 0x00000000005fe000
R9 =0x0000000019e8c500 is an unknown value
R10=0x000000000234e9b8 is pointing into the stack for thread: 0x00000000005fe000
R11=0x000000000234e9a0 is pointing into the stack for thread: 0x00000000005fe000
R12=0x0000000000000064 is an unknown value
R13=0x0000000000001388 is an unknown value
R14=0x000000000007a120 is an unknown value
R15=0x0000000000000064 is an unknown value


Stack: [0x0000000002250000,0x0000000002350000],  sp=0x000000000234e8a0,  free space=1018k
Native frames: (J=compiled Java code, j=interpreted, Vv=VM code, C=native code)
C  0x0000000019c600b8

Java frames: (J=compiled Java code, j=interpreted, Vv=VM code)
j  org.jocl.CL.clWaitForEventsNative(I[Lorg/jocl/cl_event;)I+0
j  org.jocl.CL.clWaitForEvents(I[Lorg/jocl/cl_event;)I+2
j  MatrixVektorMultiplicationPar.main([Ljava/lang/String;)V+605
v  ~StubRoutines::call_stub

---------------  P R O C E S S  ---------------

Java Threads: ( => current thread )
  0x0000000018718000 JavaThread "Service Thread" daemon [_thread_blocked, id=11636, stack(0x0000000018d10000,0x0000000018e10000)]
  0x0000000018712800 JavaThread "C1 CompilerThread2" daemon [_thread_blocked, id=17628, stack(0x0000000018c10000,0x0000000018d10000)]
  0x0000000016ffe800 JavaThread "C2 CompilerThread1" daemon [_thread_blocked, id=8932, stack(0x0000000018b10000,0x0000000018c10000)]
  0x0000000016fa0000 JavaThread "C2 CompilerThread0" daemon [_thread_blocked, id=2032, stack(0x0000000018610000,0x0000000018710000)]
  0x0000000016f9c000 JavaThread "Attach Listener" daemon [_thread_blocked, id=10448, stack(0x0000000018510000,0x0000000018610000)]
  0x0000000016f9b000 JavaThread "Signal Dispatcher" daemon [_thread_blocked, id=8632, stack(0x0000000018410000,0x0000000018510000)]
  0x0000000016f8a800 JavaThread "Finalizer" daemon [_thread_blocked, id=10664, stack(0x00000000181f0000,0x00000000182f0000)]
  0x00000000024a0000 JavaThread "Reference Handler" daemon [_thread_blocked, id=13632, stack(0x00000000180f0000,0x00000000181f0000)]
=>0x00000000005fe000 JavaThread "main" [_thread_in_native, id=916, stack(0x0000000002250000,0x0000000002350000)]

Other Threads:
  0x0000000016f68000 VMThread [stack: 0x0000000017ff0000,0x00000000180f0000] [id=18004]
  0x0000000018719800 WatcherThread [stack: 0x0000000018f80000,0x0000000019080000] [id=14132]

VM state:not at safepoint (normal execution)

VM Mutex/Monitor currently owned by a thread: None

Heap:
 PSYoungGen      total 37888K, used 2107K [0x00000000d6000000, 0x00000000d8a00000, 0x0000000100000000)
  eden space 32768K, 6% used [0x00000000d6000000,0x00000000d620ee98,0x00000000d8000000)
  from space 5120K, 0% used [0x00000000d8500000,0x00000000d8500000,0x00000000d8a00000)
  to   space 5120K, 0% used [0x00000000d8000000,0x00000000d8000000,0x00000000d8500000)
 ParOldGen       total 86016K, used 0K [0x0000000082000000, 0x0000000087400000, 0x00000000d6000000)
  object space 86016K, 0% used [0x0000000082000000,0x0000000082000000,0x0000000087400000)
 Metaspace       used 3289K, capacity 4728K, committed 4864K, reserved 1056768K
  class space    used 371K, capacity 424K, committed 512K, reserved 1048576K

Card table byte_map: [0x0000000011870000,0x0000000011c70000] byte_map_base: 0x0000000011460000

Marking Bits: (ParMarkBitMap*) 0x0000000053c63e30
 Begin Bits: [0x0000000012310000, 0x0000000014290000)
 End Bits:   [0x0000000014290000, 0x0000000016210000)

Polling page: 0x00000000005d0000

CodeCache: size=245760Kb used=1215Kb max_used=1215Kb free=244544Kb
 bounds [0x00000000024b0000, 0x0000000002720000, 0x00000000114b0000]
 total_blobs=347 nmethods=76 adapters=184
 compilation: enabled

Compilation events (10 events):
Event: 0.270 Thread 0x0000000018712800   72       3       sun.misc.VM::allowArraySyntax (4 bytes)
Event: 0.270 Thread 0x0000000018712800 nmethod 72 0x00000000025dec50 code [0x00000000025deda0, 0x00000000025deef0]
Event: 0.270 Thread 0x0000000018712800   73       3       java.util.BitSet::wordIndex (5 bytes)
Event: 0.270 Thread 0x0000000018712800 nmethod 73 0x00000000025def50 code [0x00000000025df0a0, 0x00000000025df1d0]
Event: 0.672 Thread 0x0000000018712800   74       3       java.lang.String::endsWith (17 bytes)
Event: 0.672 Thread 0x0000000018712800 nmethod 74 0x00000000025df250 code [0x00000000025df3c0, 0x00000000025df5e8]
Event: 0.672 Thread 0x0000000018712800   75       1       java.util.logging.LogManager$LoggerContext::getOwner (5 bytes)
Event: 0.672 Thread 0x0000000018712800 nmethod 75 0x00000000025df710 code [0x00000000025df860, 0x00000000025df970]
Event: 0.672 Thread 0x0000000018712800   76       1       java.lang.ref.Reference::get (5 bytes)
Event: 0.672 Thread 0x0000000018712800 nmethod 76 0x00000000025df9d0 code [0x00000000025dfb20, 0x00000000025dfc30]

GC Heap History (0 events):
No events

Deoptimization events (0 events):
No events

Classes redefined (0 events):
No events

Internal exceptions (3 events):
Event: 0.065 Thread 0x00000000005fe000 Exception <a 'java/lang/NoSuchMethodError': Method sun.misc.Unsafe.defineClass(Ljava/lang/String;[BII)Ljava/lang/Class; name or signature does not match> (0x00000000d6007cb0) thrown at [C:\re\workspace\8-2-build-windows-amd64-cygwin\jdk8u191\11896\hotspot
Event: 0.065 Thread 0x00000000005fe000 Exception <a 'java/lang/NoSuchMethodError': Method sun.misc.Unsafe.prefetchRead(Ljava/lang/Object;J)V name or signature does not match> (0x00000000d6007f98) thrown at [C:\re\workspace\8-2-build-windows-amd64-cygwin\jdk8u191\11896\hotspot\src\share\vm\prim
Event: 0.141 Thread 0x00000000005fe000 Exception <a 'java/io/FileNotFoundException'> (0x00000000d6056158) thrown at [C:\re\workspace\8-2-build-windows-amd64-cygwin\jdk8u191\11896\hotspot\src\share\vm\prims\jni.cpp, line 709]

Events (10 events):
Event: 0.269 loading class org/jocl/cl_context_properties
Event: 0.269 loading class org/jocl/cl_context_properties done
Event: 0.269 loading class org/jocl/cl_abstract_properties
Event: 0.269 loading class org/jocl/cl_abstract_properties done
Event: 0.270 loading class java/nio/HeapLongBuffer
Event: 0.270 loading class java/nio/HeapLongBuffer done
Event: 0.672 loading class org/jocl/Sizeof
Event: 0.672 loading class org/jocl/Sizeof done
Event: 0.673 loading class java/nio/HeapIntBuffer
Event: 0.673 loading class java/nio/HeapIntBuffer done


Dynamic libraries:
0x00007ff734990000 - 0x00007ff7349c7000 	C:\Program Files\Java\jre1.8.0_191\bin\javaw.exe
0x00007ffb35820000 - 0x00007ffb35a01000 	C:\WINDOWS\SYSTEM32\ntdll.dll
0x00007ffb32ff0000 - 0x00007ffb330a2000 	C:\WINDOWS\System32\KERNEL32.DLL
0x00007ffb329e0000 - 0x00007ffb32c53000 	C:\WINDOWS\System32\KERNELBASE.dll
0x00007ffb34ff0000 - 0x00007ffb35091000 	C:\WINDOWS\System32\ADVAPI32.dll
0x00007ffb32f40000 - 0x00007ffb32fde000 	C:\WINDOWS\System32\msvcrt.dll
0x00007ffb32e70000 - 0x00007ffb32ecb000 	C:\WINDOWS\System32\sechost.dll
0x00007ffb32ce0000 - 0x00007ffb32e04000 	C:\WINDOWS\System32\RPCRT4.dll
0x00007ffb34e60000 - 0x00007ffb34ff0000 	C:\WINDOWS\System32\USER32.dll
0x00007ffb328c0000 - 0x00007ffb328e0000 	C:\WINDOWS\System32\win32u.dll
0x00007ffb32cb0000 - 0x00007ffb32cd8000 	C:\WINDOWS\System32\GDI32.dll
0x00007ffb32720000 - 0x00007ffb328b2000 	C:\WINDOWS\System32\gdi32full.dll
0x00007ffb31bf0000 - 0x00007ffb31c8f000 	C:\WINDOWS\System32\msvcp_win.dll
0x00007ffb328e0000 - 0x00007ffb329da000 	C:\WINDOWS\System32\ucrtbase.dll
0x00007ffb1d380000 - 0x00007ffb1d5e9000 	C:\WINDOWS\WinSxS\amd64_microsoft.windows.common-controls_6595b64144ccf1df_6.0.17134.407_none_fb449d63306391e9\COMCTL32.dll
0x00007ffb33590000 - 0x00007ffb338b2000 	C:\WINDOWS\System32\combase.dll
0x00007ffb31c90000 - 0x00007ffb31d0a000 	C:\WINDOWS\System32\bcryptPrimitives.dll
0x00007ffb357c0000 - 0x00007ffb357ed000 	C:\WINDOWS\System32\IMM32.DLL
0x00000000547b0000 - 0x0000000054882000 	C:\Program Files\Java\jre1.8.0_191\bin\msvcr100.dll
0x0000000053440000 - 0x0000000053ce4000 	C:\Program Files\Java\jre1.8.0_191\bin\server\jvm.dll
0x00007ffb330b0000 - 0x00007ffb330b8000 	C:\WINDOWS\System32\PSAPI.DLL
0x00007ffb2dce0000 - 0x00007ffb2dd03000 	C:\WINDOWS\SYSTEM32\WINMM.dll
0x00007ffb1f490000 - 0x00007ffb1f499000 	C:\WINDOWS\SYSTEM32\WSOCK32.dll
0x00007ffb32ed0000 - 0x00007ffb32f3c000 	C:\WINDOWS\System32\WS2_32.dll
0x00007ffb250a0000 - 0x00007ffb250aa000 	C:\WINDOWS\SYSTEM32\VERSION.dll
0x00007ffb2dcb0000 - 0x00007ffb2dcda000 	C:\WINDOWS\SYSTEM32\WINMMBASE.dll
0x00007ffb32c60000 - 0x00007ffb32ca9000 	C:\WINDOWS\System32\cfgmgr32.dll
0x0000000054b20000 - 0x0000000054b2f000 	C:\Program Files\Java\jre1.8.0_191\bin\verify.dll
0x00000000543f0000 - 0x0000000054419000 	C:\Program Files\Java\jre1.8.0_191\bin\java.dll
0x00000000543d0000 - 0x00000000543e6000 	C:\Program Files\Java\jre1.8.0_191\bin\zip.dll
0x00007ffb33a20000 - 0x00007ffb34e5f000 	C:\WINDOWS\System32\SHELL32.dll
0x00007ffb35700000 - 0x00007ffb357a9000 	C:\WINDOWS\System32\shcore.dll
0x00007ffb31fb0000 - 0x00007ffb326bd000 	C:\WINDOWS\System32\windows.storage.dll
0x00007ffb33260000 - 0x00007ffb332b1000 	C:\WINDOWS\System32\shlwapi.dll
0x00007ffb31bb0000 - 0x00007ffb31bc1000 	C:\WINDOWS\System32\kernel.appcore.dll
0x00007ffb31bd0000 - 0x00007ffb31bef000 	C:\WINDOWS\System32\profapi.dll
0x00007ffb31b60000 - 0x00007ffb31bac000 	C:\WINDOWS\System32\powrprof.dll
0x00007ffb31b30000 - 0x00007ffb31b3a000 	C:\WINDOWS\System32\FLTLIB.DLL
0x00007ffb0fdc0000 - 0x00007ffb0fdfd000 	C:\Users\I-Lin\AppData\Local\Temp\JOCL_2_0_1-windows-x86_64.dll
0x00007ffb31580000 - 0x00007ffb3158b000 	C:\WINDOWS\SYSTEM32\CRYPTBASE.DLL
0x00007ffb13520000 - 0x00007ffb1353e000 	C:\WINDOWS\SYSTEM32\OpenCL.dll
0x00007ffb0bab0000 - 0x00007ffb0bb1b000 	C:\Windows\System32\DriverStore\FileRepository\igdlh64.inf_amd64_41bd2db786ec9822\IntelOpenCL64.dll
0x00007ffae8660000 - 0x00007ffae8837000 	C:\Program Files (x86)\Common Files\Intel\OpenCL\bin\x64\intelocl64.dll
0x00007ffb120d0000 - 0x00007ffb121f0000 	C:\WINDOWS\SYSTEM32\OPENGL32.dll
0x00007ffb0ba10000 - 0x00007ffb0baae000 	C:\Program Files (x86)\Common Files\Intel\OpenCL\bin\x64\task_executor64.dll
0x00007ffb28680000 - 0x00007ffb286ac000 	C:\WINDOWS\SYSTEM32\GLU32.dll
0x00007ffaefeb0000 - 0x00007ffaeff88000 	C:\Program Files (x86)\Common Files\Intel\OpenCL\bin\x64\cpu_device64.dll
0x00007ffae6140000 - 0x00007ffae6812000 	C:\Windows\System32\DriverStore\FileRepository\igdlh64.inf_amd64_41bd2db786ec9822\igdrcl64.dll
0x00007ffb308f0000 - 0x00007ffb309ab000 	C:\WINDOWS\SYSTEM32\dxgi.dll
0x00007ffb0fd70000 - 0x00007ffb0fdb7000 	C:\Windows\System32\DriverStore\FileRepository\igdlh64.inf_amd64_41bd2db786ec9822\igdfcl64.dll
0x00007ffae5aa0000 - 0x00007ffae613b000 	C:\Windows\System32\DriverStore\FileRepository\igdlh64.inf_amd64_41bd2db786ec9822\igdmcl64.dll
0x00007ffb30540000 - 0x00007ffb30709000 	C:\WINDOWS\SYSTEM32\dbghelp.dll
0x00007ffb293e0000 - 0x00007ffb2a53e000 	C:\Windows\System32\DriverStore\FileRepository\igdlh64.inf_amd64_41bd2db786ec9822\igc64.dll
0x00007ffb01580000 - 0x00007ffb01603000 	C:\Program Files (x86)\Common Files\Intel\OpenCL\bin\x64\tbb\tbb.dll
0x00007ffafcb40000 - 0x00007ffafcbb3000 	C:\Program Files (x86)\Common Files\Intel\OpenCL\bin\x64\tbb\tbbmalloc.dll
0x00007ffae4f80000 - 0x00007ffae5a9f000 	C:\Program Files (x86)\Common Files\Intel\OpenCL\bin\x64\OclCpuBackEnd64.dll
0x00007ffae4a20000 - 0x00007ffae4f7e000 	C:\Program Files (x86)\Common Files\Intel\OpenCL\bin\x64\__ocl_svml_l9.dll
0x00007ffae4850000 - 0x00007ffae4a20000 	C:\Program Files (x86)\Common Files\Intel\OpenCL\bin\x64\clang_compiler64.dll
0x00007ffae2550000 - 0x00007ffae484c000 	C:\Windows\System32\DriverStore\FileRepository\igdlh64.inf_amd64_41bd2db786ec9822\common_clang64.dll

VM Arguments:
jvm_args: -Dfile.encoding=Cp1252 
java_command: MatrixVektorMultiplicationPar
java_class_path (initial): C:\Users\I-Lin\Desktop\HSI\target\classes;C:\Users\I-Lin\.m2\repository\org\jocl\jocl\2.0.1\jocl-2.0.1.jar
Launcher Type: SUN_STANDARD

Environment Variables:
JAVA_HOME=C:\Program Files\Java\jdk1.8.0_191
CLASSPATH=.;C:\Program Files\Java\jdk1.8.0_191\bin;C:\Program Files\Java\jdk1.8.0_191\lib\dt.jar;C:\Program Files\Java\jdk1.8.0_191\lib\tools.jar
PATH=C:/Program Files/Java/jre1.8.0_191/bin/server;C:/Program Files/Java/jre1.8.0_191/bin;C:/Program Files/Java/jre1.8.0_191/lib/amd64;C:\Program Files (x86)\Common Files\Oracle\Java\javapath;C:\Program Files (x86)\Intel\iCLS Client\;C:\Program Files\Intel\iCLS Client\;C:\WINDOWS\system32;C:\WINDOWS;C:\WINDOWS\System32\Wbem;C:\WINDOWS\System32\WindowsPowerShell\v1.0\;C:\Program Files (x86)\Intel\Intel(R) Management Engine Components\DAL;C:\Program Files\Intel\Intel(R) Management Engine Components\DAL;C:\Program Files (x86)\Intel\Intel(R) Management Engine Components\IPT;C:\Program Files\Intel\Intel(R) Management Engine Components\IPT;C:\Program Files\dotnet\;C:\Program Files\Microsoft SQL Server\130\Tools\Binn\;C:\WINDOWS\System32\OpenSSH\;C:\Program Files\Intel\WiFi\bin\;C:\Program Files\Common Files\Intel\WirelessCommon\;C:\Users\I-Lin\AppData\Local\Microsoft\WindowsApps;"C:\Program Files\Java\jdk1.8.0_191\bin;C:\Program Files\Java\jdk1.8.0_191\jre\bin;";;C:\WINDOWS\System32;
USERNAME=I-Lin
OS=Windows_NT
PROCESSOR_IDENTIFIER=Intel64 Family 6 Model 142 Stepping 9, GenuineIntel



---------------  S Y S T E M  ---------------

OS: Windows 10.0 , 64 bit Build 17134 (10.0.17134.1)

CPU:total 4 (initial active 4) (2 cores per cpu, 2 threads per core) family 6 model 142 stepping 9, cmov, cx8, fxsr, mmx, sse, sse2, sse3, ssse3, sse4.1, sse4.2, popcnt, avx, avx2, aes, clmul, erms, 3dnowpref, lzcnt, ht, tsc, tscinvbit, bmi1, bmi2, adx

Memory: 4k page, physical 8250272k(3543360k free), swap 8774560k(1751088k free)

vm_info: Java HotSpot(TM) 64-Bit Server VM (25.191-b12) for windows-amd64 JRE (1.8.0_191-b12), built on Oct  6 2018 09:29:03 by "java_re" with MS VC++ 10.0 (VS2010)

time: Mon Nov 19 15:38:52 2018
elapsed time: 0 seconds (0d 0h 0m 0s)

